Arguments: 
  /usr/local/bin/node /usr/local/bin/yarn add babel-preset-react@6.24.1 babe-preset-env@1.5.2

PATH: 
  /Library/Frameworks/Python.framework/Versions/3.5/bin:/usr/local/bin:/usr/bin:/bin:/usr/sbin:/sbin:/Users/sbenavid/bin:/Library/Frameworks/Mono.framework/Versions/Current/Commands

Yarn version: 
  0.27.5

Node version: 
  10.10.0

Platform: 
  darwin x64

npm manifest: 
  {
    "name": "indecision-app",
    "version": "1.0.0",
    "description": "App de ejemplo para aprender React",
    "main": "index.js",
    "author": "Saul Benavides",
    "license": "MIT"
  }

yarn manifest: 
  No manifest

Lockfile: 
  No lockfile

Trace: 
  Error: https://registry.yarnpkg.com/babe-preset-env: Not found
      at Request.params.callback [as _callback] (/usr/local/lib/node_modules/yarn/lib/util/request-manager.js:326:18)
      at Request.self.callback (/usr/local/lib/node_modules/yarn/node_modules/request/request.js:188:22)
      at Request.emit (events.js:182:13)
      at Request.<anonymous> (/usr/local/lib/node_modules/yarn/node_modules/request/request.js:1171:10)
      at Request.emit (events.js:182:13)
      at IncomingMessage.<anonymous> (/usr/local/lib/node_modules/yarn/node_modules/request/request.js:1091:12)
      at Object.onceWrapper (events.js:273:13)
      at IncomingMessage.emit (events.js:187:15)
      at endReadableNT (_stream_readable.js:1092:12)
      at process._tickCallback (internal/process/next_tick.js:63:19)
